#
# A fatal error has been detected by the Java Runtime Environment:
#
#  EXCEPTION_ACCESS_VIOLATION (0xc0000005) at pc=0x0000000000000000, pid=5916, tid=720
#
# JRE version: Java(TM) SE Runtime Environment (8.0_25-b18) (build 1.8.0_25-b18)
# Java VM: Java HotSpot(TM) 64-Bit Server VM (25.25-b02 mixed mode windows-amd64 compressed oops)
# Problematic frame:
# C  0x0000000000000000
#
# Failed to write core dump. Minidumps are not enabled by default on client versions of Windows
#
# If you would like to submit a bug report, please visit:
#   http://bugreport.sun.com/bugreport/crash.jsp
#

---------------  T H R E A D  ---------------

Current thread (0x0000000002156000):  GCTaskThread [stack: 0x0000000012140000,0x0000000012240000] [id=720]

siginfo: ExceptionCode=0xc0000005, ExceptionInformation=0x0000000000000008 0x0000000000000000

Registers:
RAX=0x00000000144e5a38, RBX=0x00000000efde2120, RCX=0x00000000144e5a68, RDX=0x00000000efde2120
RSP=0x000000001223f658, RBP=0x0000000000000000, RSI=0x0000000054d65800, RDI=0x0000000056b74ef0
R8 =0x0000000000000000, R9 =0x00000000144e5a68, R10=0x00000000fbde7ff0, R11=0x000000001223f6c0
R12=0x0000000065155448, R13=0x0000000000000005, R14=0x0000000002156500, R15=0x0000000002156590
RIP=0x0000000000000000, EFLAGS=0x0000000000010246

Top of Stack: (sp=0x000000001223f658)
0x000000001223f658:   0000000064f0f4f2 00000000efde1d60
0x000000001223f668:   0000000000000004 0000000054d65800
0x000000001223f678:   0003867f0001aa46 0002e9090000abf9
0x000000001223f688:   0000000000001000 000000000228d6e0
0x000000001223f698:   0000000064d953cf 0000000002156580
0x000000001223f6a8:   00000000021540b0 0000000065155448
0x000000001223f6b8:   0000000064f0f880 00000000cd80c41c
0x000000001223f6c8:   0000000000000000 0000000000000001
0x000000001223f6d8:   0000000056b74ef0 0000000054d65800
0x000000001223f6e8:   0000000064f12bc1 0002e9090000abfa
0x000000001223f6f8:   0000000054d65800 0000000000000000
0x000000001223f708:   00000000faf80635 0000000056b74ef0
0x000000001223f718:   0000000000000000 0000000000000000
0x000000001223f728:   0000000064f014ae 0000000000000011
0x000000001223f738:   0000000002156000 0000000000000000
0x000000001223f748:   00000000cd80c41d 0000000002156000 

Instructions: (pc=0x0000000000000000)
0xffffffffffffffe0:   


Register to memory mapping:

RAX=0x00000000144e5a38 is pointing into metadata
RBX=0x00000000efde2120 is an oop

[error occurred during error reporting (printing register info), id 0xc0000005]

Stack: [0x0000000012140000,0x0000000012240000],  sp=0x000000001223f658,  free space=1021k
Native frames: (J=compiled Java code, j=interpreted, Vv=VM code, C=native code)


---------------  P R O C E S S  ---------------

Java Threads: ( => current thread )
  0x0000000059830000 JavaThread "D3D Screen Updater" daemon [_thread_in_native, id=2984, stack(0x000000005ad00000,0x000000005ae00000)]
  0x000000000228f000 JavaThread "DestroyJavaVM" [_thread_blocked, id=620, stack(0x0000000002390000,0x0000000002490000)]
  0x0000000056d35000 JavaThread "AWT-EventQueue-0" [_thread_blocked, id=4928, stack(0x0000000059700000,0x0000000059800000)]
  0x0000000056d33800 JavaThread "Core" [_thread_blocked, id=5596, stack(0x0000000059530000,0x0000000059630000)]
  0x0000000056d04000 JavaThread "AWT-Windows" daemon [_thread_blocked, id=4280, stack(0x0000000057470000,0x0000000057570000)]
  0x0000000056d02000 JavaThread "AWT-Shutdown" [_thread_blocked, id=5272, stack(0x00000000571b0000,0x00000000572b0000)]
  0x0000000056d01000 JavaThread "Java2D Disposer" daemon [_thread_blocked, id=5604, stack(0x0000000057020000,0x0000000057120000)]
  0x0000000054e3c800 JavaThread "Service Thread" daemon [_thread_blocked, id=5384, stack(0x0000000055f70000,0x0000000056070000)]
  0x0000000054e3b000 JavaThread "C1 CompilerThread1" daemon [_thread_blocked, id=4988, stack(0x0000000056e70000,0x0000000056f70000)]
  0x0000000054e01000 JavaThread "C2 CompilerThread0" daemon [_thread_blocked, id=5476, stack(0x0000000056890000,0x0000000056990000)]
  0x0000000054df1800 JavaThread "JDWP Command Reader" daemon [_thread_in_native, id=5900, stack(0x0000000056650000,0x0000000056750000)]
  0x0000000054dee000 JavaThread "JDWP Event Helper Thread" daemon [_thread_blocked, id=5516, stack(0x00000000564f0000,0x00000000565f0000)]
  0x0000000054dea000 JavaThread "JDWP Transport Listener: dt_socket" daemon [_thread_blocked, id=5212, stack(0x00000000563c0000,0x00000000564c0000)]
  0x0000000054ddc000 JavaThread "Attach Listener" daemon [_thread_blocked, id=5328, stack(0x0000000055bd0000,0x0000000055cd0000)]
  0x0000000054dda800 JavaThread "Signal Dispatcher" daemon [_thread_blocked, id=4808, stack(0x0000000055ce0000,0x0000000055de0000)]
  0x0000000054d77000 JavaThread "Finalizer" daemon [_thread_blocked, id=5224, stack(0x0000000055a80000,0x0000000055b80000)]
  0x0000000054d70000 JavaThread "Reference Handler" daemon [_thread_blocked, id=1508, stack(0x0000000055900000,0x0000000055a00000)]

Other Threads:
  0x0000000054d6a800 VMThread [stack: 0x00000000556e0000,0x00000000557e0000] [id=5280]
  0x00000000569ba000 WatcherThread [stack: 0x0000000056140000,0x0000000056240000] [id=4456]

=>0x0000000002156000 (exited) GCTaskThread [stack: 0x0000000012140000,0x0000000012240000] [id=720]

VM state:at safepoint (normal execution)

VM Mutex/Monitor currently owned by a thread:  ([mutex/lock_event])
[0x000000000228c4e0] Threads_lock - owner thread: 0x0000000054d6a800
[0x000000000228c9e0] Heap_lock - owner thread: 0x0000000056d33800

Heap:
 PSYoungGen      total 262656K, used 194028K [0x00000000eab00000, 0x0000000100000000, 0x0000000100000000)
  eden space 176128K, 100% used [0x00000000eab00000,0x00000000f5700000,0x00000000f5700000)
  from space 86528K, 20% used [0x00000000f5700000,0x00000000f687b010,0x00000000fab80000)
  to   space 82432K, 26% used [0x00000000faf80000,0x00000000fc4f8000,0x0000000100000000)
 ParOldGen       total 299008K, used 240744K [0x00000000c0000000, 0x00000000d2400000, 0x00000000eab00000)
  object space 299008K, 80% used [0x00000000c0000000,0x00000000ceb1a240,0x00000000d2400000)
 Metaspace       used 9540K, capacity 9718K, committed 9984K, reserved 1058816K
  class space    used 1105K, capacity 1155K, committed 1280K, reserved 1048576K

Card table byte_map: [0x0000000011b20000,0x0000000011d30000] byte_map_base: 0x0000000011520000

Marking Bits: (ParMarkBitMap*) 0x000000006530d490
 Begin Bits: [0x0000000012240000, 0x0000000013240000)
 End Bits:   [0x0000000013240000, 0x0000000014240000)

Polling page: 0x00000000000b0000

CodeCache: size=245760Kb used=3403Kb max_used=3414Kb free=242356Kb
 bounds [0x0000000002760000, 0x0000000002ac0000, 0x0000000011760000]
 total_blobs=1509 nmethods=874 adapters=558
 compilation: enabled

Compilation events (10 events):
Event: 17.098 Thread 0x0000000054e01000  871       4       sun.java2d.loops.Blit::getFromCache (132 bytes)
Event: 17.107 Thread 0x0000000054e01000 nmethod 871 0x0000000002aad690 code [0x0000000002aad820, 0x0000000002aadfa8]
Event: 17.218 Thread 0x0000000054e01000  872  s    4       sun.java2d.d3d.D3DRenderQueue::getInstance (33 bytes)
Event: 17.219 Thread 0x0000000054e01000 nmethod 872 0x0000000002aad250 code [0x0000000002aad3a0, 0x0000000002aad5d8]
Event: 17.952 Thread 0x0000000054e01000  873       4       sun.java2d.SunGraphics2D::setColor (108 bytes)
Event: 17.959 Thread 0x0000000054e01000 nmethod 873 0x0000000002aa9a10 code [0x0000000002aa9ba0, 0x0000000002aaa0a8]
Event: 18.026 Thread 0x0000000054e01000  874       4       java.util.IdentityHashMap$IdentityHashMapIterator::nextIndex (72 bytes)
Event: 18.027 Thread 0x0000000054e01000 nmethod 874 0x0000000002aaa750 code [0x0000000002aaa8a0, 0x0000000002aaa988]
Event: 18.149 Thread 0x0000000054e01000  875       4       java.awt.geom.AffineTransform::<init> (69 bytes)
Event: 18.151 Thread 0x0000000054e01000 nmethod 875 0x0000000002aacf90 code [0x0000000002aad0c0, 0x0000000002aad198]

GC Heap History (10 events):
Event: 12.768 GC heap after
Heap after GC invocations=17 (full 3):
 PSYoungGen      total 288768K, used 28076K [0x00000000eab00000, 0x0000000100000000, 0x0000000100000000)
  eden space 252928K, 0% used [0x00000000eab00000,0x00000000eab00000,0x00000000fa200000)
  from space 35840K, 78% used [0x00000000fdd00000,0x00000000ff86b010,0x0000000100000000)
  to   space 48128K, 0% used [0x00000000fa200000,0x00000000fa200000,0x00000000fd100000)
 ParOldGen       total 207360K, used 154219K [0x00000000c0000000, 0x00000000cca80000, 0x00000000eab00000)
  object space 207360K, 74% used [0x00000000c0000000,0x00000000c969acb8,0x00000000cca80000)
 Metaspace       used 9540K, capacity 9718K, committed 9984K, reserved 1058816K
  class space    used 1105K, capacity 1155K, committed 1280K, reserved 1048576K
}
Event: 13.338 GC heap before
{Heap before GC invocations=18 (full 3):
 PSYoungGen      total 288768K, used 281004K [0x00000000eab00000, 0x0000000100000000, 0x0000000100000000)
  eden space 252928K, 100% used [0x00000000eab00000,0x00000000fa200000,0x00000000fa200000)
  from space 35840K, 78% used [0x00000000fdd00000,0x00000000ff86b010,0x0000000100000000)
  to   space 48128K, 0% used [0x00000000fa200000,0x00000000fa200000,0x00000000fd100000)
 ParOldGen       total 207360K, used 154221K [0x00000000c0000000, 0x00000000cca80000, 0x00000000eab00000)
  object space 207360K, 74% used [0x00000000c0000000,0x00000000c969b420,0x00000000cca80000)
 Metaspace       used 9540K, capacity 9718K, committed 9984K, reserved 1058816K
  class space    used 1105K, capacity 1155K, committed 1280K, reserved 1048576K
Event: 13.826 GC heap after
Heap after GC invocations=18 (full 3):
 PSYoungGen      total 301056K, used 48128K [0x00000000eab00000, 0x0000000100000000, 0x0000000100000000)
  eden space 252928K, 0% used [0x00000000eab00000,0x00000000eab00000,0x00000000fa200000)
  from space 48128K, 100% used [0x00000000fa200000,0x00000000fd100000,0x00000000fd100000)
  to   space 48128K, 0% used [0x00000000fd100000,0x00000000fd100000,0x0000000100000000)
 ParOldGen       total 207360K, used 159133K [0x00000000c0000000, 0x00000000cca80000, 0x00000000eab00000)
  object space 207360K, 76% used [0x00000000c0000000,0x00000000c9b67420,0x00000000cca80000)
 Metaspace       used 9540K, capacity 9718K, committed 9984K, reserved 1058816K
  class space    used 1105K, capacity 1155K, committed 1280K, reserved 1048576K
}
Event: 14.313 GC heap before
{Heap before GC invocations=19 (full 3):
 PSYoungGen      total 301056K, used 301056K [0x00000000eab00000, 0x0000000100000000, 0x0000000100000000)
  eden space 252928K, 100% used [0x00000000eab00000,0x00000000fa200000,0x00000000fa200000)
  from space 48128K, 100% used [0x00000000fa200000,0x00000000fd100000,0x00000000fd100000)
  to   space 48128K, 0% used [0x00000000fd100000,0x00000000fd100000,0x0000000100000000)
 ParOldGen       total 207360K, used 159133K [0x00000000c0000000, 0x00000000cca80000, 0x00000000eab00000)
  object space 207360K, 76% used [0x00000000c0000000,0x00000000c9b67420,0x00000000cca80000)
 Metaspace       used 9540K, capacity 9718K, committed 9984K, reserved 1058816K
  class space    used 1105K, capacity 1155K, committed 1280K, reserved 1048576K
Event: 14.852 GC heap after
Heap after GC invocations=19 (full 3):
 PSYoungGen      total 224256K, used 48119K [0x00000000eab00000, 0x0000000100000000, 0x0000000100000000)
  eden space 176128K, 0% used [0x00000000eab00000,0x00000000eab00000,0x00000000f5700000)
  from space 48128K, 99% used [0x00000000fd100000,0x00000000ffffdc60,0x0000000100000000)
  to   space 86528K, 0% used [0x00000000f5700000,0x00000000f5700000,0x00000000fab80000)
 ParOldGen       total 217600K, used 217265K [0x00000000c0000000, 0x00000000cd480000, 0x00000000eab00000)
  object space 217600K, 99% used [0x00000000c0000000,0x00000000cd42c430,0x00000000cd480000)
 Metaspace       used 9540K, capacity 9718K, committed 9984K, reserved 1058816K
  class space    used 1105K, capacity 1155K, committed 1280K, reserved 1048576K
}
Event: 14.852 GC heap before
{Heap before GC invocations=20 (full 4):
 PSYoungGen      total 224256K, used 48119K [0x00000000eab00000, 0x0000000100000000, 0x0000000100000000)
  eden space 176128K, 0% used [0x00000000eab00000,0x00000000eab00000,0x00000000f5700000)
  from space 48128K, 99% used [0x00000000fd100000,0x00000000ffffdc60,0x0000000100000000)
  to   space 86528K, 0% used [0x00000000f5700000,0x00000000f5700000,0x00000000fab80000)
 ParOldGen       total 217600K, used 217265K [0x00000000c0000000, 0x00000000cd480000, 0x00000000eab00000)
  object space 217600K, 99% used [0x00000000c0000000,0x00000000cd42c430,0x00000000cd480000)
 Metaspace       used 9540K, capacity 9718K, committed 9984K, reserved 1058816K
  class space    used 1105K, capacity 1155K, committed 1280K, reserved 1048576K
Event: 17.081 GC heap after
Heap after GC invocations=20 (full 4):
 PSYoungGen      total 224256K, used 48107K [0x00000000eab00000, 0x0000000100000000, 0x0000000100000000)
  eden space 176128K, 0% used [0x00000000eab00000,0x00000000eab00000,0x00000000f5700000)
  from space 48128K, 99% used [0x00000000fd100000,0x00000000ffffad38,0x0000000100000000)
  to   space 86528K, 0% used [0x00000000f5700000,0x00000000f5700000,0x00000000fab80000)
 ParOldGen       total 299008K, used 192585K [0x00000000c0000000, 0x00000000d2400000, 0x00000000eab00000)
  object space 299008K, 64% used [0x00000000c0000000,0x00000000cbc125e0,0x00000000d2400000)
 Metaspace       used 9540K, capacity 9718K, committed 9984K, reserved 1058816K
  class space    used 1105K, capacity 1155K, committed 1280K, reserved 1048576K
}
Event: 17.538 GC heap before
{Heap before GC invocations=21 (full 4):
 PSYoungGen      total 224256K, used 224235K [0x00000000eab00000, 0x0000000100000000, 0x0000000100000000)
  eden space 176128K, 100% used [0x00000000eab00000,0x00000000f5700000,0x00000000f5700000)
  from space 48128K, 99% used [0x00000000fd100000,0x00000000ffffad38,0x0000000100000000)
  to   space 86528K, 0% used [0x00000000f5700000,0x00000000f5700000,0x00000000fab80000)
 ParOldGen       total 299008K, used 192585K [0x00000000c0000000, 0x00000000d2400000, 0x00000000eab00000)
  object space 299008K, 64% used [0x00000000c0000000,0x00000000cbc125e0,0x00000000d2400000)
 Metaspace       used 9540K, capacity 9718K, committed 9984K, reserved 1058816K
  class space    used 1105K, capacity 1155K, committed 1280K, reserved 1048576K
Event: 17.875 GC heap after
Heap after GC invocations=21 (full 4):
 PSYoungGen      total 262656K, used 17900K [0x00000000eab00000, 0x0000000100000000, 0x0000000100000000)
  eden space 176128K, 0% used [0x00000000eab00000,0x00000000eab00000,0x00000000f5700000)
  from space 86528K, 20% used [0x00000000f5700000,0x00000000f687b010,0x00000000fab80000)
  to   space 82432K, 0% used [0x00000000faf80000,0x00000000faf80000,0x0000000100000000)
 ParOldGen       total 299008K, used 240744K [0x00000000c0000000, 0x00000000d2400000, 0x00000000eab00000)
  object space 299008K, 80% used [0x00000000c0000000,0x00000000ceb1a240,0x00000000d2400000)
 Metaspace       used 9540K, capacity 9718K, committed 9984K, reserved 1058816K
  class space    used 1105K, capacity 1155K, committed 1280K, reserved 1048576K
}
Event: 18.184 GC heap before
{Heap before GC invocations=22 (full 4):
 PSYoungGen      total 262656K, used 194028K [0x00000000eab00000, 0x0000000100000000, 0x0000000100000000)
  eden space 176128K, 100% used [0x00000000eab00000,0x00000000f5700000,0x00000000f5700000)
  from space 86528K, 20% used [0x00000000f5700000,0x00000000f687b010,0x00000000fab80000)
  to   space 82432K, 0% used [0x00000000faf80000,0x00000000faf80000,0x0000000100000000)
 ParOldGen       total 299008K, used 240744K [0x00000000c0000000, 0x00000000d2400000, 0x00000000eab00000)
  object space 299008K, 80% used [0x00000000c0000000,0x00000000ceb1a240,0x00000000d2400000)
 Metaspace       used 9540K, capacity 9718K, committed 9984K, reserved 1058816K
  class space    used 1105K, capacity 1155K, committed 1280K, reserved 1048576K

Deoptimization events (2 events):
Event: 2.718 Thread 0x0000000056d35000 Uncommon trap: reason=unreached action=reinterpret pc=0x0000000002a2fc78 method=java.util.IdentityHashMap.get(Ljava/lang/Object;)Ljava/lang/Object; @ 43
Event: 4.023 Thread 0x0000000056d33800 Uncommon trap: reason=unreached action=reinterpret pc=0x0000000002a7253c method=hgcore.core.HG_Core.run()V @ 532

Internal exceptions (10 events):
Event: 0.902 Thread 0x000000000228f000 Exception <a 'java/security/PrivilegedActionException'> (0x00000000eaeb6f38) thrown at [D:\re\workspace\8-2-build-windows-amd64-cygwin\jdk8u25\1677\hotspot\src\share\vm\prims\jvm.cpp, line 1312]
Event: 0.938 Thread 0x0000000056d33800 Exception <a 'java/security/PrivilegedActionException'> (0x00000000eaed96e8) thrown at [D:\re\workspace\8-2-build-windows-amd64-cygwin\jdk8u25\1677\hotspot\src\share\vm\prims\jvm.cpp, line 1312]
Event: 2.804 Thread 0x0000000056d33800 Exception <a 'java/security/PrivilegedActionException'> (0x00000000eaedeff0) thrown at [D:\re\workspace\8-2-build-windows-amd64-cygwin\jdk8u25\1677\hotspot\src\share\vm\prims\jvm.cpp, line 1312]
Event: 2.810 Thread 0x0000000056d33800 Exception <a 'java/security/PrivilegedActionException'> (0x00000000eaf0ba60) thrown at [D:\re\workspace\8-2-build-windows-amd64-cygwin\jdk8u25\1677\hotspot\src\share\vm\prims\jvm.cpp, line 1312]
Event: 2.812 Thread 0x0000000056d33800 Exception <a 'java/security/PrivilegedActionException'> (0x00000000eaf0f7d0) thrown at [D:\re\workspace\8-2-build-windows-amd64-cygwin\jdk8u25\1677\hotspot\src\share\vm\prims\jvm.cpp, line 1312]
Event: 2.814 Thread 0x0000000056d33800 Exception <a 'java/security/PrivilegedActionException'> (0x00000000eaf141b8) thrown at [D:\re\workspace\8-2-build-windows-amd64-cygwin\jdk8u25\1677\hotspot\src\share\vm\prims\jvm.cpp, line 1312]
Event: 2.901 Thread 0x0000000056d33800 Exception <a 'java/security/PrivilegedActionException'> (0x00000000eaf18f18) thrown at [D:\re\workspace\8-2-build-windows-amd64-cygwin\jdk8u25\1677\hotspot\src\share\vm\prims\jvm.cpp, line 1312]
Event: 3.102 Thread 0x0000000056d33800 Exception <a 'java/security/PrivilegedActionException'> (0x00000000eab1c390) thrown at [D:\re\workspace\8-2-build-windows-amd64-cygwin\jdk8u25\1677\hotspot\src\share\vm\prims\jvm.cpp, line 1312]
Event: 4.021 Thread 0x0000000056d33800 Exception <a 'java/security/PrivilegedActionException'> (0x00000000eb819da8) thrown at [D:\re\workspace\8-2-build-windows-amd64-cygwin\jdk8u25\1677\hotspot\src\share\vm\prims\jvm.cpp, line 1312]
Event: 4.023 Thread 0x0000000056d33800 Exception <a 'java/security/PrivilegedActionException'> (0x00000000eb81da68) thrown at [D:\re\workspace\8-2-build-windows-amd64-cygwin\jdk8u25\1677\hotspot\src\share\vm\prims\jvm.cpp, line 1312]

Events (10 events):
Event: 12.265 Executing VM operation: ParallelGCFailedAllocation done
Event: 12.265 Executing VM operation: ParallelGCSystemGC
Event: 12.768 Executing VM operation: ParallelGCSystemGC done
Event: 13.338 Executing VM operation: ParallelGCFailedAllocation
Event: 13.826 Executing VM operation: ParallelGCFailedAllocation done
Event: 14.313 Executing VM operation: ParallelGCFailedAllocation
Event: 17.082 Executing VM operation: ParallelGCFailedAllocation done
Event: 17.538 Executing VM operation: ParallelGCFailedAllocation
Event: 17.875 Executing VM operation: ParallelGCFailedAllocation done
Event: 18.184 Executing VM operation: ParallelGCFailedAllocation


Dynamic libraries:
0x000000013f820000 - 0x000000013f854000 	C:\Program Files\Java\jre1.8.0_25\bin\javaw.exe
0x0000000077bc0000 - 0x0000000077d69000 	C:\Windows\SYSTEM32\ntdll.dll
0x00000000779a0000 - 0x0000000077abf000 	C:\Windows\system32\kernel32.dll
0x000007fefdab0000 - 0x000007fefdb1c000 	C:\Windows\system32\KERNELBASE.dll
0x000007feff990000 - 0x000007feffa6b000 	C:\Windows\system32\ADVAPI32.dll
0x000007feff8f0000 - 0x000007feff98f000 	C:\Windows\system32\msvcrt.dll
0x000007feff560000 - 0x000007feff57f000 	C:\Windows\SYSTEM32\sechost.dll
0x000007feff0d0000 - 0x000007feff1fd000 	C:\Windows\system32\RPCRT4.dll
0x0000000077ac0000 - 0x0000000077bba000 	C:\Windows\system32\USER32.dll
0x000007fefe060000 - 0x000007fefe0c7000 	C:\Windows\system32\GDI32.dll
0x000007fefe0d0000 - 0x000007fefe0de000 	C:\Windows\system32\LPK.dll
0x000007feffa70000 - 0x000007feffb39000 	C:\Windows\system32\USP10.dll
0x000007fefc4b0000 - 0x000007fefc6a4000 	C:\Windows\WinSxS\amd64_microsoft.windows.common-controls_6595b64144ccf1df_6.0.7601.17514_none_fa396087175ac9ac\COMCTL32.dll
0x000007feff820000 - 0x000007feff891000 	C:\Windows\system32\SHLWAPI.dll
0x000007feff580000 - 0x000007feff5ae000 	C:\Windows\system32\IMM32.DLL
0x000007fefdf50000 - 0x000007fefe059000 	C:\Windows\system32\MSCTF.dll
0x00000000606c0000 - 0x0000000060792000 	C:\Program Files\Java\jre1.8.0_25\bin\msvcr100.dll
0x0000000064b30000 - 0x000000006538a000 	C:\Program Files\Java\jre1.8.0_25\bin\server\jvm.dll
0x000007fef28f0000 - 0x000007fef28f9000 	C:\Windows\system32\WSOCK32.dll
0x000007feff8a0000 - 0x000007feff8ed000 	C:\Windows\system32\WS2_32.dll
0x000007feff0c0000 - 0x000007feff0c8000 	C:\Windows\system32\NSI.dll
0x000007fefafa0000 - 0x000007fefafdb000 	C:\Windows\system32\WINMM.dll
0x0000000077d90000 - 0x0000000077d97000 	C:\Windows\system32\PSAPI.DLL
0x0000000074640000 - 0x000000007464f000 	C:\Program Files\Java\jre1.8.0_25\bin\verify.dll
0x0000000073790000 - 0x00000000737b8000 	C:\Program Files\Java\jre1.8.0_25\bin\java.dll
0x00000000678f0000 - 0x0000000067925000 	C:\Program Files\Java\jre1.8.0_25\bin\jdwp.dll
0x000000006a850000 - 0x000000006a858000 	C:\Program Files\Java\jre1.8.0_25\bin\npt.dll
0x0000000073770000 - 0x0000000073786000 	C:\Program Files\Java\jre1.8.0_25\bin\zip.dll
0x000007fefe330000 - 0x000007feff0b8000 	C:\Windows\system32\SHELL32.dll
0x000007fefdd40000 - 0x000007fefdf43000 	C:\Windows\system32\ole32.dll
0x000007fefd980000 - 0x000007fefd98f000 	C:\Windows\system32\profapi.dll
0x000000006aa30000 - 0x000000006aa39000 	C:\Program Files\Java\jre1.8.0_25\bin\dt_socket.dll
0x000007fefb5e0000 - 0x000007fefb5f5000 	C:\Windows\system32\NLAapi.dll
0x000007fef8f20000 - 0x000007fef8f35000 	C:\Windows\system32\napinsp.dll
0x000007fef8f00000 - 0x000007fef8f19000 	C:\Windows\system32\pnrpnsp.dll
0x000007fefd070000 - 0x000007fefd0c5000 	C:\Windows\System32\mswsock.dll
0x000007fefcef0000 - 0x000007fefcf4b000 	C:\Windows\system32\DNSAPI.dll
0x000007fef8ef0000 - 0x000007fef8efb000 	C:\Windows\System32\winrnr.dll
0x000007fefafe0000 - 0x000007fefb007000 	C:\Windows\system32\IPHLPAPI.DLL
0x000007fefaf50000 - 0x000007fefaf5b000 	C:\Windows\system32\WINNSI.DLL
0x000007fefa7c0000 - 0x000007fefa813000 	C:\Windows\System32\fwpuclnt.dll
0x000007fef7fa0000 - 0x000007fef7fa8000 	C:\Windows\system32\rasadhlp.dll
0x000007fefca70000 - 0x000007fefca77000 	C:\Windows\System32\wshtcpip.dll
0x0000000061290000 - 0x0000000061428000 	C:\Program Files\Java\jre1.8.0_25\bin\awt.dll
0x000007feff740000 - 0x000007feff817000 	C:\Windows\system32\OLEAUT32.dll
0x000007fee6580000 - 0x000007fee6f23000 	C:\eclipse\Libraries\opencv\build\java\x64\opencv_java249.dll
0x000007fefadd0000 - 0x000007fefadef000 	C:\Windows\system32\AVIFIL32.dll
0x000007fefae20000 - 0x000007fefae38000 	C:\Windows\system32\MSACM32.dll
0x000007fefc480000 - 0x000007fefc4a9000 	C:\Windows\system32\MSVFW32.dll
0x000007fefad90000 - 0x000007fefada7000 	C:\Windows\system32\AVICAP32.dll
0x000007fefc9a0000 - 0x000007fefc9ac000 	C:\Windows\system32\VERSION.dll
0x000007fefbac0000 - 0x000007fefbad8000 	C:\Windows\system32\DWMAPI.DLL
0x000007fefc130000 - 0x000007fefc186000 	C:\Windows\system32\uxtheme.dll
0x000007fefd770000 - 0x000007fefd77f000 	C:\Windows\system32\CRYPTBASE.dll
0x000007fef9380000 - 0x000007fef957f000 	C:\Windows\system32\d3d9.dll
0x000007fef9370000 - 0x000007fef9377000 	C:\Windows\system32\d3d8thk.dll
0x000007fee5410000 - 0x000007fee6572000 	C:\Windows\system32\nvd3dumx.dll
0x000007fefc050000 - 0x000007fefc07c000 	C:\Windows\system32\powrprof.dll
0x000007feff200000 - 0x000007feff3d7000 	C:\Windows\system32\SETUPAPI.dll
0x000007fefdc90000 - 0x000007fefdcc6000 	C:\Windows\system32\CFGMGR32.dll
0x000007fefdd10000 - 0x000007fefdd2a000 	C:\Windows\system32\DEVOBJ.dll
0x000007feecce0000 - 0x000007feece42000 	C:\Program Files (x86)\NVIDIA Corporation\3D Vision\nvSCPAPI64.dll
0x000007feffe10000 - 0x000007feffea9000 	C:\Windows\system32\CLBCatQ.DLL
0x000007fefad70000 - 0x000007fefad86000 	C:\Windows\system32\devenum.dll
0x000007fefba90000 - 0x000007fefbabd000 	C:\Windows\system32\ntmarta.dll
0x000007feff500000 - 0x000007feff552000 	C:\Windows\system32\WLDAP32.dll
0x000000006a670000 - 0x000000006a6b7000 	C:\Program Files\Java\jre1.8.0_25\bin\fontmanager.dll
0x000007fefda70000 - 0x000007fefdaaa000 	C:\Windows\system32\WINTRUST.dll
0x000007fefdb20000 - 0x000007fefdc8c000 	C:\Windows\system32\CRYPT32.dll
0x000007fefd990000 - 0x000007fefd99f000 	C:\Windows\system32\MSASN1.dll
0x000007fefad60000 - 0x000007fefad6d000 	C:\Windows\system32\msdmo.dll
0x000007fef3d40000 - 0x000007fef3d6f000 	C:\Windows\system32\qcap.dll
0x000007feecb20000 - 0x000007feeccd2000 	C:\Windows\system32\quartz.dll
0x0000000073750000 - 0x000000007376a000 	C:\Program Files\Java\jre1.8.0_25\bin\net.dll
0x000007fefd060000 - 0x000007fefd067000 	C:\Windows\System32\wship6.dll
0x00000000734f0000 - 0x0000000073501000 	C:\Program Files\Java\jre1.8.0_25\bin\nio.dll
0x0000000065400000 - 0x0000000065441000 	C:\Program Files\Java\jre1.8.0_25\bin\t2k.dll
0x000007fefad10000 - 0x000007fefad51000 	C:\Windows\system32\ksproxy.ax
0x0000000075590000 - 0x0000000075596000 	C:\Windows\system32\ksuser.dll
0x000007fef4930000 - 0x000007fef493b000 	C:\Windows\system32\vidcap.ax
0x000007fef3d10000 - 0x000007fef3d34000 	C:\Windows\system32\kswdmcap.ax
0x000007feec590000 - 0x000007feec6ec000 	C:\Windows\system32\MFC42.dll
0x000007feeca60000 - 0x000007feecb11000 	C:\Windows\system32\ODBC32.dll
0x0000000065710000 - 0x0000000065748000 	C:\Windows\system32\odbcint.dll
0x000007feec4f0000 - 0x000007feec58b000 	C:\Windows\System32\qedit.dll
0x000007feff3e0000 - 0x000007feff477000 	C:\Windows\system32\COMDLG32.dll
0x000007fefbc80000 - 0x000007fefbe96000 	C:\Windows\WinSxS\amd64_microsoft.windows.gdiplus_6595b64144ccf1df_1.1.7601.18455_none_2b283fd671e9bf4d\gdiplus.dll
0x000007feebf60000 - 0x000007feec051000 	C:\Windows\system32\DDRAW.dll
0x000007fef3ae0000 - 0x000007fef3ae8000 	C:\Windows\system32\DCIMAN32.dll
0x000007fefc000000 - 0x000007fefc04b000 	C:\Windows\system32\MMDevAPI.DLL
0x000007fefc330000 - 0x000007fefc45c000 	C:\Windows\system32\PROPSYS.dll
0x000007fefaf60000 - 0x000007fefaf9b000 	C:\Windows\system32\wdmaud.drv
0x000007fefbff0000 - 0x000007fefbff9000 	C:\Windows\system32\AVRT.dll
0x000007fefae50000 - 0x000007fefae9f000 	C:\Windows\system32\AUDIOSES.DLL
0x000007fefae40000 - 0x000007fefae4a000 	C:\Windows\system32\msacm32.drv
0x000007fefae10000 - 0x000007fefae19000 	C:\Windows\system32\midimap.dll
0x000007fef3ac0000 - 0x000007fef3ad4000 	C:\Windows\system32\vfwwdm32.dll
0x000007feefe60000 - 0x000007feeff85000 	C:\Windows\system32\dbghelp.dll

VM Arguments:
jvm_args: -agentlib:jdwp=transport=dt_socket,suspend=y,address=localhost:52769 -Djava.library.path=C:\eclipse\Libraries\opencv\build\java\x64 -Dfile.encoding=Cp1252 
java_command: hgcore.core.ScreenCast
java_class_path (initial): C:\Users\Je-Ar\Desktop\Thesis\HGCon_AR\bin;C:\eclipse\Libraries\opencv\build\java\opencv-249.jar
Launcher Type: SUN_STANDARD

Environment Variables:
PATH=C:/Program Files/Java/jre1.8.0_25/bin/server;C:/Program Files/Java/jre1.8.0_25/bin;C:/Program Files/Java/jre1.8.0_25/lib/amd64;C:\ProgramData\Oracle\Java\javapath;C:\Program Files (x86)\NVIDIA Corporation\PhysX\Common;C:\Windows\system32;C:\Windows;C:\Windows\System32\Wbem;C:\Windows\System32\WindowsPowerShell\v1.0\;C:\Program Files\TortoiseSVN\bin;C:\eclipse;
USERNAME=Je-Ar
OS=Windows_NT
PROCESSOR_IDENTIFIER=AMD64 Family 15 Model 107 Stepping 2, AuthenticAMD



---------------  S Y S T E M  ---------------

OS: Windows 7 , 64 bit Build 7601 Service Pack 1

CPU:total 2 (2 cores per cpu, 1 threads per core) family 15 model 107 stepping 2, cmov, cx8, fxsr, mmx, sse, sse2, sse3, mmxext, 3dnowpref, tsc

Memory: 4k page, physical 4192744k(774864k free), swap 8383624k(4011240k free)

vm_info: Java HotSpot(TM) 64-Bit Server VM (25.25-b02) for windows-amd64 JRE (1.8.0_25-b18), built on Oct  7 2014 14:25:37 by "java_re" with MS VC++ 10.0 (VS2010)

time: Thu Dec 04 02:00:33 2014
elapsed time: 18 seconds (0d 0h 0m 18s)

